C51 COMPILER V9.59.0.0   MAIN                                                              05/04/2023 14:08:26 PAGE 1   


C51 COMPILER V9.59.0.0, COMPILATION OF MODULE MAIN
OBJECT MODULE PLACED IN .\Obj\main.obj
COMPILER INVOKED BY: D:\keil\keil_mdk\C51\BIN\C51.EXE User\main.c OPTIMIZE(8,SPEED) BROWSE INCDIR(.\App\24c02;.\App\iic;
                    -.\App\key;.\App\smg;.\Public;.\App\ds18b20;.\App\ds1302;.\App\ired;.\App\time;.\App\xpt2046;.\App\pwm;.\App\lcd1602;.\Ap
                    -p\lcd12864) DEBUG OBJECTEXTEND PRINT(.\Obj\main.lst) OBJECT(.\Obj\main.obj)

line level    source

   1          /**************************************************************************************
   2          深圳市普中科技有限公司（PRECHIN 普中）
   3          技术支持：www.prechin.net
   4          
   5          实验名称：LCD12864液晶显示实验（带字库）
   6          接线说明：      
   7          实验现象：下载程序后，LCD12864上显示汉字字符信息
   8          注意事项：                                                                                                                                                                
   9          ***************************************************************************************/
  10          #include "public.h"
  11          #include "lcd12864.h"
  12          #include "uart.h"
  13          #include <string.h>
  14          #include <stdio.h>
  15          
  16          /*******************************************************************************
  17          * 函 数 名       : main
  18          * 函数功能               : 主函数
  19          * 输    入       : 无
  20          * 输    出       : 无
  21          *******************************************************************************/
  22          
  23          #define TOTAL_STATION 12
  24          #define STR_MAXLENGTH 17
  25          sbit KEY_PIN  = P2^3;
  26          
  27          char code station_buffer[TOTAL_STATION][STR_MAXLENGTH] =
  28          {
  29                  "袁州工业区","井竹名爵","晨阳绿城","经开区物流中心",
  30                  "春风路口东","市环保局","高仕名居","正荣丽景山庄",
  31                  "袁山公园","高士北路","高市路","街心花园"
  32          };
  33          
  34          void LCD_ShowConnect(unsigned char cur_station)
  35          {
  36   1              char now_index = cur_station % TOTAL_STATION;
  37   1              char next_index = (now_index + 1) % TOTAL_STATION;
  38   1              
  39   1              lcd12864_show_string(0,0,"当前站:");//第1行字符串显示
  40   1              lcd12864_show_string(0,1,station_buffer[now_index]);//第2行字符串显示
  41   1              lcd12864_show_string(0,2,"下一站");//第3行字符串显示
  42   1              lcd12864_show_string(0,3,station_buffer[next_index]);//第4行字符串显示
  43   1      
  44   1      }
  45          
  46          void Delay15ms()                //@11.0592MHz
  47          {
  48   1              unsigned char i, j;
  49   1      
  50   1              i = 27;
  51   1              j = 226;
  52   1              do
  53   1              {
C51 COMPILER V9.59.0.0   MAIN                                                              05/04/2023 14:08:26 PAGE 2   

  54   2                      while (--j);
  55   2              } while (--i);
  56   1      }
  57          
  58          unsigned char key_scan()
  59          {
  60   1              unsigned char key_v = 0;
  61   1              if(KEY_PIN == 0)
  62   1              {
  63   2                      Delay15ms();
  64   2                      if(KEY_PIN == 0)
  65   2                      {
  66   3                              key_v = 1;
  67   3                      }
  68   2                      while(!KEY_PIN);
  69   2              }
  70   1      
  71   1              return key_v;
  72   1      }
  73          
  74          void main()
  75          {       
  76   1              unsigned char key_num = 0;
  77   1              int cur_station = 0;
  78   1              unsigned char i = 0;
  79   1              u8 temp_buffer[30] = "";
  80   1      
  81   1              lcd12864_init();//LCD12864初始化
  82   1      
  83   1              Uart01_Init();
  84   1      
  85   1      
  86   1              lcd12864_clear();
  87   1              Uart01_SendString("A8:02/1*WAV");               
  88   1              while(1)
  89   1              {       
  90   2                      key_num = key_scan();
  91   2                      if(key_num == 1)
  92   2                      {
  93   3      
  94   3                      
  95   3                              lcd12864_clear();
  96   3                              cur_station++;
  97   3      
  98   3      
  99   3                              if(cur_station >= TOTAL_STATION)
 100   3                                      cur_station = 0;
 101   3      
 102   3                              memset(temp_buffer,0,30);
 103   3                              sprintf(temp_buffer,"A8:02/%d*WAV",cur_station % TOTAL_STATION+1);
 104   3                              Uart01_SendString(temp_buffer);
 105   3      //                      lcd12864_show_string(0,0,temp_buffer);//第1行字符串显示
 106   3                      }
 107   2                      
 108   2                      
 109   2                      LCD_ShowConnect(cur_station);
 110   2              }       
 111   1      }
 112          
 113          void Uart01_Routine() interrupt 4
 114          {
 115   1              u8 uart_data; //串口收到的数据
C51 COMPILER V9.59.0.0   MAIN                                                              05/04/2023 14:08:26 PAGE 3   

 116   1          if(RI == 1)
 117   1          {
 118   2              RI = 0;
 119   2              uart_data = SBUF;
 120   2      
 121   2          }
 122   1      }


MODULE INFORMATION:   STATIC OVERLAYABLE
   CODE SIZE        =    304    ----
   CONSTANT SIZE    =    274    ----
   XDATA SIZE       =   ----    ----
   PDATA SIZE       =   ----    ----
   DATA SIZE        =   ----      37
   IDATA SIZE       =   ----    ----
   BIT SIZE         =   ----    ----
END OF MODULE INFORMATION.


C51 COMPILATION COMPLETE.  0 WARNING(S),  0 ERROR(S)
