C51 COMPILER V9.59.0.0   UART                                                              05/04/2023 12:55:31 PAGE 1   


C51 COMPILER V9.59.0.0, COMPILATION OF MODULE UART
OBJECT MODULE PLACED IN .\Obj\uart.obj
COMPILER INVOKED BY: D:\keil\keil_mdk\C51\BIN\C51.EXE User\uart.c OPTIMIZE(8,SPEED) BROWSE INCDIR(.\App\24c02;.\App\iic;
                    -.\App\key;.\App\smg;.\Public;.\App\ds18b20;.\App\ds1302;.\App\ired;.\App\time;.\App\xpt2046;.\App\pwm;.\App\lcd1602;.\Ap
                    -p\lcd12864) DEBUG OBJECTEXTEND PRINT(.\Obj\uart.lst) OBJECT(.\Obj\uart.obj)

line level    source

   1          #include "uart.h"
   2          bit busy;
   3          
   4          void Uart01_Init(void)          //9600bps@12MHz
   5          {
   6   1              TMOD|=0X20;     //设置计数器工作方式2
   7   1              SCON=0X50;      //设置为工作方式1
   8   1              PCON=0X80;      //波特率加倍
   9   1              TH1=0XFA;       //计数器初始值设置
  10   1              TL1=0XFA;
  11   1              ES=1;           //打开接收中断
  12   1              EA=1;           //打开总中断
  13   1              TR1=1;          //打开计数器       
  14   1      
  15   1              EA=1;
  16   1              ES=1;
  17   1      }
  18          
  19          void Uart01_SendByte(u8 _data)
  20          {
  21   1          SBUF = _data;
  22   1          while(TI == 0);
  23   1          TI = 0;
  24   1      }
  25          
  26          void Uart01_SendString(u8 *str)
  27          {
  28   1              while(*str !='\0')              
  29   1                      Uart01_SendByte(*str++);
  30   1      }
  31          


MODULE INFORMATION:   STATIC OVERLAYABLE
   CODE SIZE        =     71    ----
   CONSTANT SIZE    =   ----    ----
   XDATA SIZE       =   ----    ----
   PDATA SIZE       =   ----    ----
   DATA SIZE        =   ----       3
   IDATA SIZE       =   ----    ----
   BIT SIZE         =      1    ----
END OF MODULE INFORMATION.


C51 COMPILATION COMPLETE.  0 WARNING(S),  0 ERROR(S)
